<?xml version="1.0" encoding="UTF-8"?>
<!-- Generated by org.testng.reporters.JUnitXMLReporter -->
<testsuite hostname="DESKTOP-QRBR7TR" ignored="0" name="Test" tests="6" failures="0" timestamp="10 Dec 2021 13:41:10 GMT" time="0.09" errors="0">
  <testcase name="tc11" time="0.016" classname="org.cts.ThreadCount2"/>
  <testcase name="tc1" time="0.016" classname="org.cts.ThreadCount"/>
  <testcase name="tc22" time="0.0" classname="org.cts.ThreadCount2"/>
  <testcase name="tc2" time="0.0" classname="org.cts.ThreadCount"/>
  <testcase name="tc3" time="0.0" classname="org.cts.ThreadCount"/>
  <testcase name="tc33" time="0.016" classname="org.cts.ThreadCount2"/>
</testsuite> <!-- Test -->
