<?xml version="1.0" encoding="UTF-8"?>
<testng-results skipped="0" failed="0" ignored="0" total="3" passed="3">
  <reporter-output>
  </reporter-output>
  <suite name="Suite" duration-ms="23999" started-at="2021-12-16T16:07:16Z" finished-at="2021-12-16T16:07:40Z">
    <groups>
    </groups>
    <test name="test1" duration-ms="3272" started-at="2021-12-16T16:07:16Z" finished-at="2021-12-16T16:07:19Z">
      <class name="org.cts.Crossbrowser">
        <test-method status="PASS" signature="tc1(java.lang.String)[pri:0, instance:org.cts.Crossbrowser@29774679]" name="tc1" duration-ms="3187" started-at="2021-12-16T16:07:16Z" finished-at="2021-12-16T16:07:19Z">
          <params>
            <param index="0">
              <value>
                <![CDATA[chrome]]>
              </value>
            </param>
          </params>
          <reporter-output>
          </reporter-output>
        </test-method> <!-- tc1 -->
      </class> <!-- org.cts.Crossbrowser -->
    </test> <!-- test1 -->
    <test name="test2" duration-ms="10209" started-at="2021-12-16T16:07:16Z" finished-at="2021-12-16T16:07:26Z">
      <class name="org.cts.Crossbrowser">
        <test-method status="PASS" signature="tc1(java.lang.String)[pri:0, instance:org.cts.Crossbrowser@754ba872]" name="tc1" duration-ms="10147" started-at="2021-12-16T16:07:16Z" finished-at="2021-12-16T16:07:26Z">
          <params>
            <param index="0">
              <value>
                <![CDATA[firefox]]>
              </value>
            </param>
          </params>
          <reporter-output>
          </reporter-output>
        </test-method> <!-- tc1 -->
      </class> <!-- org.cts.Crossbrowser -->
    </test> <!-- test2 -->
    <test name="test3" duration-ms="23999" started-at="2021-12-16T16:07:16Z" finished-at="2021-12-16T16:07:40Z">
      <class name="org.cts.Crossbrowser">
        <test-method status="PASS" signature="tc1(java.lang.String)[pri:0, instance:org.cts.Crossbrowser@239963d8]" name="tc1" duration-ms="23950" started-at="2021-12-16T16:07:16Z" finished-at="2021-12-16T16:07:40Z">
          <params>
            <param index="0">
              <value>
                <![CDATA[edge]]>
              </value>
            </param>
          </params>
          <reporter-output>
          </reporter-output>
        </test-method> <!-- tc1 -->
      </class> <!-- org.cts.Crossbrowser -->
    </test> <!-- test3 -->
  </suite> <!-- Suite -->
</testng-results>
